<?xml version="1.0" encoding="UTF-8"?>
<!-- Generated by org.testng.reporters.JUnitReportReporter -->
<testsuite hostname="DESKTOP-0FVAB1O" failures="0" tests="1" name="test.LoginTest" time="94.435" errors="0" timestamp="17 Jun 2024 13:07:17 GMT" skipped="0">
  <testcase classname="test.LoginTest" name="login" time="94.435"/>
</testsuite> <!-- test.LoginTest -->
